build/app/intermediates/manifest_merge_blame_file/debug/manifest-merger-blame-debug-report.txt
1<?xml version="1.0" encoding="utf-8"?>
2<manifest xmlns:android="http://schemas.android.com/apk/res/android"
3    package="com.example.shopping_app_flutter"
4    android:versionCode="1"
5    android:versionName="1.0.0" >
6
7    <uses-sdk
8        android:minSdkVersion="21"
9        android:targetSdkVersion="33" />
10    <!--
11         The INTERNET permission is required for development. Specifically,
12         the Flutter tool needs it to communicate with the running application
13         to allow setting breakpoints, to provide hot reload, etc.
14    -->
15    <uses-permission android:name="android.permission.INTERNET" />
15-->src/debug/AndroidManifest.xml:6:5-66
15-->src/debug/AndroidManifest.xml:6:22-64
16    <!--
17     Required to query activities that can process text, see:
18         https://developer.android.com/training/package-visibility?hl=en and
19         https://developer.android.com/reference/android/content/Intent#ACTION_PROCESS_TEXT.
20
21         In particular, this is used by the Flutter engine in io.flutter.plugin.text.ProcessTextPlugin.
22    -->
23    <queries>
23-->src/main/AndroidManifest.xml:38:5-43:15
24        <intent>
24-->src/main/AndroidManifest.xml:39:9-42:18
25            <action android:name="android.intent.action.PROCESS_TEXT" />
25-->src/main/AndroidManifest.xml:40:13-72
25-->src/main/AndroidManifest.xml:40:21-70
26
27            <data android:mimeType="text/plain" />
27-->src/main/AndroidManifest.xml:41:13-50
27-->src/main/AndroidManifest.xml:41:19-48
28        </intent>
29    </queries>
30
31    <uses-permission android:name="android.permission.ACCESS_NETWORK_STATE" />
31-->[com.google.firebase:firebase-auth:22.3.1] AndroidManifest.xml:26:5-79
31-->[com.google.firebase:firebase-auth:22.3.1] AndroidManifest.xml:26:22-76
32    <uses-permission android:name="com.google.android.providers.gsf.permission.READ_GSERVICES" />
32-->[com.google.android.recaptcha:recaptcha:18.4.0] AndroidManifest.xml:9:5-98
32-->[com.google.android.recaptcha:recaptcha:18.4.0] AndroidManifest.xml:9:22-95
33
34    <application
35        android:name="android.app.Application"
36        android:appComponentFactory="androidx.core.app.CoreComponentFactory"
36-->[androidx.core:core:1.8.0] AndroidManifest.xml:24:18-86
37        android:debuggable="true"
38        android:icon="@mipmap/ic_launcher"
39        android:label="shopping_app_flutter" >
40        <activity
41            android:name="com.example.shopping_app_flutter.MainActivity"
42            android:configChanges="orientation|keyboardHidden|keyboard|screenSize|smallestScreenSize|locale|layoutDirection|fontScale|screenLayout|density|uiMode"
43            android:exported="true"
44            android:hardwareAccelerated="true"
45            android:launchMode="singleTop"
46            android:theme="@style/LaunchTheme"
47            android:windowSoftInputMode="adjustResize" >
48
49            <!--
50                 Specifies an Android theme to apply to this Activity as soon as
51                 the Android process has started. This theme is visible to the user
52                 while the Flutter UI initializes. After that, this theme continues
53                 to determine the Window background behind the Flutter UI.
54            -->
55            <meta-data
56                android:name="io.flutter.embedding.android.NormalTheme"
57                android:resource="@style/NormalTheme" />
58
59            <intent-filter>
60                <action android:name="android.intent.action.MAIN" />
61
62                <category android:name="android.intent.category.LAUNCHER" />
63            </intent-filter>
64        </activity>
65        <!--
66             Don't delete the meta-data below.
67             This is used by the Flutter tool to generate GeneratedPluginRegistrant.java
68        -->
69        <meta-data
70            android:name="flutterEmbedding"
71            android:value="2" />
72
73        <service
73-->[:firebase_auth] AndroidManifest.xml:10:9-14:19
74            android:name="com.google.firebase.components.ComponentDiscoveryService"
74-->[:firebase_auth] AndroidManifest.xml:10:18-89
75            android:directBootAware="true"
75-->[com.google.firebase:firebase-common:20.4.2] AndroidManifest.xml:32:13-43
76            android:exported="false" >
76-->[com.google.firebase:firebase-auth:22.3.1] AndroidManifest.xml:68:13-37
77            <meta-data
77-->[:firebase_auth] AndroidManifest.xml:11:13-13:85
78                android:name="com.google.firebase.components:io.flutter.plugins.firebase.auth.FlutterFirebaseAuthRegistrar"
78-->[:firebase_auth] AndroidManifest.xml:12:17-124
79                android:value="com.google.firebase.components.ComponentRegistrar" />
79-->[:firebase_auth] AndroidManifest.xml:13:17-82
80            <meta-data
80-->[:firebase_database] AndroidManifest.xml:11:13-13:85
81                android:name="com.google.firebase.components:io.flutter.plugins.firebase.database.FlutterFirebaseAppRegistrar"
81-->[:firebase_database] AndroidManifest.xml:12:17-127
82                android:value="com.google.firebase.components.ComponentRegistrar" />
82-->[:firebase_database] AndroidManifest.xml:13:17-82
83            <meta-data
83-->[:cloud_firestore] AndroidManifest.xml:11:13-13:85
84                android:name="com.google.firebase.components:io.flutter.plugins.firebase.firestore.FlutterFirebaseFirestoreRegistrar"
84-->[:cloud_firestore] AndroidManifest.xml:12:17-134
85                android:value="com.google.firebase.components.ComponentRegistrar" />
85-->[:cloud_firestore] AndroidManifest.xml:13:17-82
86            <meta-data
86-->[:firebase_core] AndroidManifest.xml:11:13-13:85
87                android:name="com.google.firebase.components:io.flutter.plugins.firebase.core.FlutterFirebaseCoreRegistrar"
87-->[:firebase_core] AndroidManifest.xml:12:17-124
88                android:value="com.google.firebase.components.ComponentRegistrar" />
88-->[:firebase_core] AndroidManifest.xml:13:17-82
89            <meta-data
89-->[com.google.firebase:firebase-auth:22.3.1] AndroidManifest.xml:69:13-71:85
90                android:name="com.google.firebase.components:com.google.firebase.auth.FirebaseAuthRegistrar"
90-->[com.google.firebase:firebase-auth:22.3.1] AndroidManifest.xml:70:17-109
91                android:value="com.google.firebase.components.ComponentRegistrar" />
91-->[com.google.firebase:firebase-auth:22.3.1] AndroidManifest.xml:71:17-82
92            <meta-data
92-->[com.google.firebase:firebase-firestore:24.10.3] AndroidManifest.xml:17:13-19:85
93                android:name="com.google.firebase.components:com.google.firebase.firestore.FirebaseFirestoreKtxRegistrar"
93-->[com.google.firebase:firebase-firestore:24.10.3] AndroidManifest.xml:18:17-122
94                android:value="com.google.firebase.components.ComponentRegistrar" />
94-->[com.google.firebase:firebase-firestore:24.10.3] AndroidManifest.xml:19:17-82
95            <meta-data
95-->[com.google.firebase:firebase-firestore:24.10.3] AndroidManifest.xml:20:13-22:85
96                android:name="com.google.firebase.components:com.google.firebase.firestore.FirestoreRegistrar"
96-->[com.google.firebase:firebase-firestore:24.10.3] AndroidManifest.xml:21:17-111
97                android:value="com.google.firebase.components.ComponentRegistrar" />
97-->[com.google.firebase:firebase-firestore:24.10.3] AndroidManifest.xml:22:17-82
98            <meta-data
98-->[com.google.firebase:firebase-database:20.3.1] AndroidManifest.xml:29:13-31:85
99                android:name="com.google.firebase.components:com.google.firebase.database.FirebaseDatabaseKtxRegistrar"
99-->[com.google.firebase:firebase-database:20.3.1] AndroidManifest.xml:30:17-120
100                android:value="com.google.firebase.components.ComponentRegistrar" />
100-->[com.google.firebase:firebase-database:20.3.1] AndroidManifest.xml:31:17-82
101            <meta-data
101-->[com.google.firebase:firebase-database:20.3.1] AndroidManifest.xml:32:13-34:85
102                android:name="com.google.firebase.components:com.google.firebase.database.DatabaseRegistrar"
102-->[com.google.firebase:firebase-database:20.3.1] AndroidManifest.xml:33:17-109
103                android:value="com.google.firebase.components.ComponentRegistrar" />
103-->[com.google.firebase:firebase-database:20.3.1] AndroidManifest.xml:34:17-82
104            <meta-data
104-->[com.google.firebase:firebase-common-ktx:20.4.2] AndroidManifest.xml:12:13-14:85
105                android:name="com.google.firebase.components:com.google.firebase.ktx.FirebaseCommonLegacyRegistrar"
105-->[com.google.firebase:firebase-common-ktx:20.4.2] AndroidManifest.xml:13:17-116
106                android:value="com.google.firebase.components.ComponentRegistrar" />
106-->[com.google.firebase:firebase-common-ktx:20.4.2] AndroidManifest.xml:14:17-82
107            <meta-data
107-->[com.google.firebase:firebase-common:20.4.2] AndroidManifest.xml:35:13-37:85
108                android:name="com.google.firebase.components:com.google.firebase.FirebaseCommonKtxRegistrar"
108-->[com.google.firebase:firebase-common:20.4.2] AndroidManifest.xml:36:17-109
109                android:value="com.google.firebase.components.ComponentRegistrar" />
109-->[com.google.firebase:firebase-common:20.4.2] AndroidManifest.xml:37:17-82
110        </service>
111
112        <activity
112-->[com.google.firebase:firebase-auth:22.3.1] AndroidManifest.xml:29:9-46:20
113            android:name="com.google.firebase.auth.internal.GenericIdpActivity"
113-->[com.google.firebase:firebase-auth:22.3.1] AndroidManifest.xml:30:13-80
114            android:excludeFromRecents="true"
114-->[com.google.firebase:firebase-auth:22.3.1] AndroidManifest.xml:31:13-46
115            android:exported="true"
115-->[com.google.firebase:firebase-auth:22.3.1] AndroidManifest.xml:32:13-36
116            android:launchMode="singleTask"
116-->[com.google.firebase:firebase-auth:22.3.1] AndroidManifest.xml:33:13-44
117            android:theme="@android:style/Theme.Translucent.NoTitleBar" >
117-->[com.google.firebase:firebase-auth:22.3.1] AndroidManifest.xml:34:13-72
118            <intent-filter>
118-->[com.google.firebase:firebase-auth:22.3.1] AndroidManifest.xml:35:13-45:29
119                <action android:name="android.intent.action.VIEW" />
119-->[com.google.firebase:firebase-auth:22.3.1] AndroidManifest.xml:36:17-69
119-->[com.google.firebase:firebase-auth:22.3.1] AndroidManifest.xml:36:25-66
120
121                <category android:name="android.intent.category.DEFAULT" />
121-->[com.google.firebase:firebase-auth:22.3.1] AndroidManifest.xml:38:17-76
121-->[com.google.firebase:firebase-auth:22.3.1] AndroidManifest.xml:38:27-73
122                <category android:name="android.intent.category.BROWSABLE" />
122-->[com.google.firebase:firebase-auth:22.3.1] AndroidManifest.xml:39:17-78
122-->[com.google.firebase:firebase-auth:22.3.1] AndroidManifest.xml:39:27-75
123
124                <data
124-->src/main/AndroidManifest.xml:41:13-50
125                    android:host="firebase.auth"
126                    android:path="/"
127                    android:scheme="genericidp" />
128            </intent-filter>
129        </activity>
130        <activity
130-->[com.google.firebase:firebase-auth:22.3.1] AndroidManifest.xml:47:9-64:20
131            android:name="com.google.firebase.auth.internal.RecaptchaActivity"
131-->[com.google.firebase:firebase-auth:22.3.1] AndroidManifest.xml:48:13-79
132            android:excludeFromRecents="true"
132-->[com.google.firebase:firebase-auth:22.3.1] AndroidManifest.xml:49:13-46
133            android:exported="true"
133-->[com.google.firebase:firebase-auth:22.3.1] AndroidManifest.xml:50:13-36
134            android:launchMode="singleTask"
134-->[com.google.firebase:firebase-auth:22.3.1] AndroidManifest.xml:51:13-44
135            android:theme="@android:style/Theme.Translucent.NoTitleBar" >
135-->[com.google.firebase:firebase-auth:22.3.1] AndroidManifest.xml:52:13-72
136            <intent-filter>
136-->[com.google.firebase:firebase-auth:22.3.1] AndroidManifest.xml:53:13-63:29
137                <action android:name="android.intent.action.VIEW" />
137-->[com.google.firebase:firebase-auth:22.3.1] AndroidManifest.xml:36:17-69
137-->[com.google.firebase:firebase-auth:22.3.1] AndroidManifest.xml:36:25-66
138
139                <category android:name="android.intent.category.DEFAULT" />
139-->[com.google.firebase:firebase-auth:22.3.1] AndroidManifest.xml:38:17-76
139-->[com.google.firebase:firebase-auth:22.3.1] AndroidManifest.xml:38:27-73
140                <category android:name="android.intent.category.BROWSABLE" />
140-->[com.google.firebase:firebase-auth:22.3.1] AndroidManifest.xml:39:17-78
140-->[com.google.firebase:firebase-auth:22.3.1] AndroidManifest.xml:39:27-75
141
142                <data
142-->src/main/AndroidManifest.xml:41:13-50
143                    android:host="firebase.auth"
144                    android:path="/"
145                    android:scheme="recaptcha" />
146            </intent-filter>
147        </activity>
148
149        <uses-library
149-->[androidx.window:window:1.0.0-beta04] AndroidManifest.xml:25:9-27:40
150            android:name="androidx.window.extensions"
150-->[androidx.window:window:1.0.0-beta04] AndroidManifest.xml:26:13-54
151            android:required="false" />
151-->[androidx.window:window:1.0.0-beta04] AndroidManifest.xml:27:13-37
152        <uses-library
152-->[androidx.window:window:1.0.0-beta04] AndroidManifest.xml:28:9-30:40
153            android:name="androidx.window.sidecar"
153-->[androidx.window:window:1.0.0-beta04] AndroidManifest.xml:29:13-51
154            android:required="false" />
154-->[androidx.window:window:1.0.0-beta04] AndroidManifest.xml:30:13-37
155
156        <activity
156-->[com.google.android.gms:play-services-auth:21.0.0] AndroidManifest.xml:23:9-27:75
157            android:name="com.google.android.gms.auth.api.signin.internal.SignInHubActivity"
157-->[com.google.android.gms:play-services-auth:21.0.0] AndroidManifest.xml:24:13-93
158            android:excludeFromRecents="true"
158-->[com.google.android.gms:play-services-auth:21.0.0] AndroidManifest.xml:25:13-46
159            android:exported="false"
159-->[com.google.android.gms:play-services-auth:21.0.0] AndroidManifest.xml:26:13-37
160            android:theme="@android:style/Theme.Translucent.NoTitleBar" />
160-->[com.google.android.gms:play-services-auth:21.0.0] AndroidManifest.xml:27:13-72
161        <!--
162            Service handling Google Sign-In user revocation. For apps that do not integrate with
163            Google Sign-In, this service will never be started.
164        -->
165        <service
165-->[com.google.android.gms:play-services-auth:21.0.0] AndroidManifest.xml:33:9-37:51
166            android:name="com.google.android.gms.auth.api.signin.RevocationBoundService"
166-->[com.google.android.gms:play-services-auth:21.0.0] AndroidManifest.xml:34:13-89
167            android:exported="true"
167-->[com.google.android.gms:play-services-auth:21.0.0] AndroidManifest.xml:35:13-36
168            android:permission="com.google.android.gms.auth.api.signin.permission.REVOCATION_NOTIFICATION"
168-->[com.google.android.gms:play-services-auth:21.0.0] AndroidManifest.xml:36:13-107
169            android:visibleToInstantApps="true" />
169-->[com.google.android.gms:play-services-auth:21.0.0] AndroidManifest.xml:37:13-48
170
171        <activity
171-->[com.google.android.gms:play-services-base:18.1.0] AndroidManifest.xml:20:9-22:45
172            android:name="com.google.android.gms.common.api.GoogleApiActivity"
172-->[com.google.android.gms:play-services-base:18.1.0] AndroidManifest.xml:20:19-85
173            android:exported="false"
173-->[com.google.android.gms:play-services-base:18.1.0] AndroidManifest.xml:22:19-43
174            android:theme="@android:style/Theme.Translucent.NoTitleBar" />
174-->[com.google.android.gms:play-services-base:18.1.0] AndroidManifest.xml:21:19-78
175
176        <provider
176-->[com.google.firebase:firebase-common:20.4.2] AndroidManifest.xml:23:9-28:39
177            android:name="com.google.firebase.provider.FirebaseInitProvider"
177-->[com.google.firebase:firebase-common:20.4.2] AndroidManifest.xml:24:13-77
178            android:authorities="com.example.shopping_app_flutter.firebaseinitprovider"
178-->[com.google.firebase:firebase-common:20.4.2] AndroidManifest.xml:25:13-72
179            android:directBootAware="true"
179-->[com.google.firebase:firebase-common:20.4.2] AndroidManifest.xml:26:13-43
180            android:exported="false"
180-->[com.google.firebase:firebase-common:20.4.2] AndroidManifest.xml:27:13-37
181            android:initOrder="100" />
181-->[com.google.firebase:firebase-common:20.4.2] AndroidManifest.xml:28:13-36
182
183        <meta-data
183-->[com.google.android.gms:play-services-basement:18.3.0] AndroidManifest.xml:21:9-23:69
184            android:name="com.google.android.gms.version"
184-->[com.google.android.gms:play-services-basement:18.3.0] AndroidManifest.xml:22:13-58
185            android:value="@integer/google_play_services_version" />
185-->[com.google.android.gms:play-services-basement:18.3.0] AndroidManifest.xml:23:13-66
186    </application>
187
188</manifest>